<?xml version="1.0" encoding="UTF-8"?>
<!-- Generated by org.testng.reporters.JUnitXMLReporter -->
<testsuite ignored="0" hostname="MacBook-Pro.local" failures="0" tests="4" name="StandAloneTest" time="72.125" errors="0" timestamp="2024-07-02T19:49:24 IST">
  <testcase classname="practiceProject.frameworkDesign.SubmitOrder" name="submitOrder" time="24.195"/>
  <testcase classname="practiceProject.frameworkDesign.SubmitOrder" name="submitOrder" time="29.275"/>
  <testcase classname="practiceProject.frameworkDesign.SubmitOrder" name="orderConfirmation" time="0.615"/>
  <testcase classname="practiceProject.frameworkDesign.SubmitOrder" name="orderConfirmation" time="0.653"/>
</testsuite> <!-- StandAloneTest -->
