<?xml version="1.0" encoding="UTF-8"?>
<!-- Generated by org.testng.reporters.JUnitXMLReporter -->
<testsuite ignored="2" hostname="MacBook-Pro.local" failures="0" tests="0" time="0.008" errors="0" timestamp="2024-07-10T20:31:32 IST">
  <testcase classname="practiceProject.frameworkDesign.SubmitOrder" name="submitOrder" time="0.0">
    <ignored/>
  </testcase> <!-- submitOrder -->
  <testcase classname="practiceProject.frameworkDesign.SubmitOrder" name="orderConfirmation" time="0.0">
    <ignored/>
  </testcase> <!-- orderConfirmation -->
</testsuite>
