<?xml version="1.0" encoding="UTF-8"?>
<testng-results ignored="0" total="4" passed="4" failed="0" skipped="0">
  <reporter-output>
  </reporter-output>
  <suite started-at="2024-07-02T19:48:11 IST" name="Suite" finished-at="2024-07-02T19:49:24 IST" duration-ms="72125">
    <groups>
      <group name="ErrorValidation">
        <method signature="errorValidation.errorValid()[pri:0, instance:practiceProject.frameworkDesign.errorValidation@2dfaea86]" name="errorValid" class="practiceProject.frameworkDesign.errorValidation"/>
        <method signature="errorValidation.producValid()[pri:0, instance:practiceProject.frameworkDesign.errorValidation@2dfaea86]" name="producValid" class="practiceProject.frameworkDesign.errorValidation"/>
      </group> <!-- ErrorValidation -->
      <group name="PurchaseOrder">
        <method signature="SubmitOrder.submitOrder(java.util.HashMap)[pri:0, instance:practiceProject.frameworkDesign.SubmitOrder@909217e]" name="submitOrder" class="practiceProject.frameworkDesign.SubmitOrder"/>
        <method signature="SubmitOrder.orderConfirmation(java.util.HashMap)[pri:0, instance:practiceProject.frameworkDesign.SubmitOrder@909217e]" name="orderConfirmation" class="practiceProject.frameworkDesign.SubmitOrder"/>
      </group> <!-- PurchaseOrder -->
    </groups>
    <test started-at="2024-07-02T19:48:11 IST" name="StandAloneTest" finished-at="2024-07-02T19:49:24 IST" duration-ms="72125">
      <class name="practiceProject.frameworkDesign.SubmitOrder">
        <test-method is-config="true" signature="launchApplication()[pri:0, instance:practiceProject.frameworkDesign.SubmitOrder@909217e]" started-at="2024-07-02T19:48:11 IST" name="launchApplication" finished-at="2024-07-02T19:48:22 IST" duration-ms="10873" status="PASS">
          <reporter-output>
          </reporter-output>
        </test-method> <!-- launchApplication -->
        <test-method signature="submitOrder(java.util.HashMap)[pri:0, instance:practiceProject.frameworkDesign.SubmitOrder@909217e]" started-at="2024-07-02T19:48:22 IST" name="submitOrder" data-provider="getdata" finished-at="2024-07-02T19:48:47 IST" duration-ms="24195" status="PASS">
          <params>
            <param index="0">
              <value>
                <![CDATA[{pro=ZARA COAT 3, password=Admin@123, email=raxith@gmail.com}]]>
              </value>
            </param>
          </params>
          <reporter-output>
          </reporter-output>
        </test-method> <!-- submitOrder -->
        <test-method is-config="true" signature="teardown()[pri:0, instance:practiceProject.frameworkDesign.SubmitOrder@909217e]" started-at="2024-07-02T19:48:47 IST" name="teardown" finished-at="2024-07-02T19:48:47 IST" duration-ms="67" status="PASS">
          <reporter-output>
          </reporter-output>
        </test-method> <!-- teardown -->
        <test-method is-config="true" signature="launchApplication()[pri:0, instance:practiceProject.frameworkDesign.SubmitOrder@909217e]" started-at="2024-07-02T19:48:47 IST" name="launchApplication" finished-at="2024-07-02T19:48:49 IST" duration-ms="1975" status="PASS">
          <reporter-output>
          </reporter-output>
        </test-method> <!-- launchApplication -->
        <test-method signature="submitOrder(java.util.HashMap)[pri:0, instance:practiceProject.frameworkDesign.SubmitOrder@909217e]" started-at="2024-07-02T19:48:49 IST" name="submitOrder" data-provider="getdata" finished-at="2024-07-02T19:49:18 IST" duration-ms="29275" status="PASS">
          <params>
            <param index="0">
              <value>
                <![CDATA[{pro=ZARA COAT 3, password=Admin@123, email=raxith@gmail.com}]]>
              </value>
            </param>
          </params>
          <reporter-output>
          </reporter-output>
        </test-method> <!-- submitOrder -->
        <test-method is-config="true" signature="teardown()[pri:0, instance:practiceProject.frameworkDesign.SubmitOrder@909217e]" started-at="2024-07-02T19:49:18 IST" name="teardown" finished-at="2024-07-02T19:49:18 IST" duration-ms="66" status="PASS">
          <reporter-output>
          </reporter-output>
        </test-method> <!-- teardown -->
        <test-method is-config="true" signature="launchApplication()[pri:0, instance:practiceProject.frameworkDesign.SubmitOrder@909217e]" started-at="2024-07-02T19:49:18 IST" name="launchApplication" finished-at="2024-07-02T19:49:20 IST" duration-ms="2134" status="PASS">
          <reporter-output>
          </reporter-output>
        </test-method> <!-- launchApplication -->
        <test-method signature="orderConfirmation(java.util.HashMap)[pri:0, instance:practiceProject.frameworkDesign.SubmitOrder@909217e]" started-at="2024-07-02T19:49:20 IST" name="orderConfirmation" data-provider="getdata" finished-at="2024-07-02T19:49:21 IST" depends-on-methods="practiceProject.frameworkDesign.SubmitOrder.submitOrder" duration-ms="615" status="PASS">
          <params>
            <param index="0">
              <value>
                <![CDATA[{pro=ZARA COAT 3, password=Admin@123, email=raxith@gmail.com}]]>
              </value>
            </param>
          </params>
          <reporter-output>
          </reporter-output>
        </test-method> <!-- orderConfirmation -->
        <test-method is-config="true" signature="teardown()[pri:0, instance:practiceProject.frameworkDesign.SubmitOrder@909217e]" started-at="2024-07-02T19:49:21 IST" name="teardown" finished-at="2024-07-02T19:49:21 IST" duration-ms="77" status="PASS">
          <reporter-output>
          </reporter-output>
        </test-method> <!-- teardown -->
        <test-method is-config="true" signature="launchApplication()[pri:0, instance:practiceProject.frameworkDesign.SubmitOrder@909217e]" started-at="2024-07-02T19:49:21 IST" name="launchApplication" finished-at="2024-07-02T19:49:23 IST" duration-ms="1961" status="PASS">
          <reporter-output>
          </reporter-output>
        </test-method> <!-- launchApplication -->
        <test-method signature="orderConfirmation(java.util.HashMap)[pri:0, instance:practiceProject.frameworkDesign.SubmitOrder@909217e]" started-at="2024-07-02T19:49:23 IST" name="orderConfirmation" data-provider="getdata" finished-at="2024-07-02T19:49:23 IST" depends-on-methods="practiceProject.frameworkDesign.SubmitOrder.submitOrder" duration-ms="653" status="PASS">
          <params>
            <param index="0">
              <value>
                <![CDATA[{pro=ZARA COAT 3, password=Admin@123, email=raxith@gmail.com}]]>
              </value>
            </param>
          </params>
          <reporter-output>
          </reporter-output>
        </test-method> <!-- orderConfirmation -->
        <test-method is-config="true" signature="teardown()[pri:0, instance:practiceProject.frameworkDesign.SubmitOrder@909217e]" started-at="2024-07-02T19:49:23 IST" name="teardown" finished-at="2024-07-02T19:49:24 IST" duration-ms="186" status="PASS">
          <reporter-output>
          </reporter-output>
        </test-method> <!-- teardown -->
      </class> <!-- practiceProject.frameworkDesign.SubmitOrder -->
    </test> <!-- StandAloneTest -->
  </suite> <!-- Suite -->
</testng-results>
